<?xml version="1.0" encoding="UTF-8"?>
<!-- Generated by org.testng.reporters.JUnitXMLReporter -->
<testsuite ignored="0" hostname="IN-2TFWWT2" failures="0" tests="2" name="Test_All" time="37.884" errors="0" timestamp="2022-07-19T22:48:25 IST">
  <testcase classname="com.SwagLabs.testcasespackage.CostVerificationTestCase" name="checkOutPageTestCase" time="11.842"/>
  <testcase classname="com.SwagLabs.testcasespackage.CostVerificationTestCase" name="checkOutPageTestCase" time="11.835"/>
</testsuite> <!-- Test_All -->
