<?xml version="1.0" encoding="UTF-8"?>
<!-- Generated by org.testng.reporters.JUnitXMLReporter -->
<testsuite ignored="0" hostname="IN-2TFWWT2" failures="0" tests="2" name="Test_All" time="31.358" errors="0" timestamp="2022-07-14T23:36:01 IST">
  <testcase classname="com.SwagLabs.testcasespackage.UserInfoPageTestCase" name="checkOutPageTestCase" time="11.68"/>
  <testcase classname="com.SwagLabs.testcasespackage.UserInfoPageTestCase" name="checkOutPageTestCase" time="11.547"/>
</testsuite> <!-- Test_All -->
