<?xml version="1.0" encoding="UTF-8"?>
<testng-results ignored="0" total="1" passed="1" failed="0" skipped="0">
  <reporter-output>
  </reporter-output>
  <suite started-at="2022-07-11T23:19:22 IST" name="Suite" finished-at="2022-07-11T23:19:37 IST" duration-ms="14296">
    <groups>
    </groups>
    <test started-at="2022-07-11T23:19:22 IST" name="Test_All" finished-at="2022-07-11T23:19:37 IST" duration-ms="14296">
      <class name="com.SwagLabs.testcasespackage.UserLoginTestCase">
        <test-method is-config="true" signature="loadConfig()[pri:0, instance:com.SwagLabs.testcasespackage.UserLoginTestCase@2accdbb5]" started-at="2022-07-11T23:19:22 IST" name="loadConfig" finished-at="2022-07-11T23:19:22 IST" duration-ms="645" status="PASS">
          <reporter-output>
          </reporter-output>
        </test-method> <!-- loadConfig -->
        <test-method is-config="true" signature="setup(java.lang.String)[pri:0, instance:com.SwagLabs.testcasespackage.UserLoginTestCase@2accdbb5]" started-at="2022-07-11T23:19:23 IST" name="setup" finished-at="2022-07-11T23:19:29 IST" duration-ms="6030" status="PASS">
          <params>
            <param index="0">
              <value>
                <![CDATA[Chrome]]>
              </value>
            </param>
          </params>
          <reporter-output>
          </reporter-output>
        </test-method> <!-- setup -->
        <test-method signature="userLoginTestcaseSwagLab(java.lang.String, java.lang.String)[pri:0, instance:com.SwagLabs.testcasespackage.UserLoginTestCase@2accdbb5]" started-at="2022-07-11T23:19:29 IST" name="userLoginTestcaseSwagLab" data-provider="Login" finished-at="2022-07-11T23:19:35 IST" duration-ms="6055" status="PASS">
          <params>
            <param index="0">
              <value>
                <![CDATA[standard_user]]>
              </value>
            </param>
            <param index="1">
              <value>
                <![CDATA[secret_sauce]]>
              </value>
            </param>
          </params>
          <reporter-output>
          </reporter-output>
        </test-method> <!-- userLoginTestcaseSwagLab -->
        <test-method is-config="true" signature="tearDown()[pri:0, instance:com.SwagLabs.testcasespackage.UserLoginTestCase@2accdbb5]" started-at="2022-07-11T23:19:35 IST" name="tearDown" finished-at="2022-07-11T23:19:37 IST" duration-ms="1211" status="PASS">
          <reporter-output>
          </reporter-output>
        </test-method> <!-- tearDown -->
        <test-method is-config="true" signature="afterSuite1()[pri:0, instance:com.SwagLabs.testcasespackage.UserLoginTestCase@2accdbb5]" started-at="2022-07-11T23:19:37 IST" name="afterSuite1" finished-at="2022-07-11T23:19:37 IST" duration-ms="565" status="PASS">
          <reporter-output>
          </reporter-output>
        </test-method> <!-- afterSuite1 -->
      </class> <!-- com.SwagLabs.testcasespackage.UserLoginTestCase -->
    </test> <!-- Test_All -->
  </suite> <!-- Suite -->
</testng-results>
