<?xml version="1.0" encoding="UTF-8"?>
<testng-results ignored="0" total="2" passed="2" failed="0" skipped="0">
  <reporter-output>
  </reporter-output>
  <suite started-at="2022-07-19T22:47:47 IST" name="Suite" finished-at="2022-07-19T22:48:25 IST" duration-ms="37884">
    <groups>
    </groups>
    <test started-at="2022-07-19T22:47:47 IST" name="Test_All" finished-at="2022-07-19T22:48:25 IST" duration-ms="37884">
      <class name="com.SwagLabs.testcasespackage.CostVerificationTestCase">
        <test-method is-config="true" signature="loadConfig()[pri:0, instance:com.SwagLabs.testcasespackage.CostVerificationTestCase@2accdbb5]" started-at="2022-07-19T22:47:47 IST" name="loadConfig" finished-at="2022-07-19T22:47:47 IST" duration-ms="332" status="PASS">
          <reporter-output>
          </reporter-output>
        </test-method> <!-- loadConfig -->
        <test-method is-config="true" signature="setup(java.lang.String)[pri:0, instance:com.SwagLabs.testcasespackage.CostVerificationTestCase@2accdbb5]" started-at="2022-07-19T22:47:48 IST" name="setup" finished-at="2022-07-19T22:47:56 IST" duration-ms="7610" status="PASS">
          <params>
            <param index="0">
              <value>
                <![CDATA[Chrome]]>
              </value>
            </param>
          </params>
          <reporter-output>
          </reporter-output>
        </test-method> <!-- setup -->
        <test-method signature="checkOutPageTestCase(java.lang.String, java.lang.String, java.lang.String)[pri:0, instance:com.SwagLabs.testcasespackage.CostVerificationTestCase@2accdbb5]" started-at="2022-07-19T22:47:56 IST" name="checkOutPageTestCase" data-provider="User_Details" finished-at="2022-07-19T22:48:07 IST" duration-ms="11842" status="PASS">
          <params>
            <param index="0">
              <value>
                <![CDATA[abc]]>
              </value>
            </param>
            <param index="1">
              <value>
                <![CDATA[xyz]]>
              </value>
            </param>
            <param index="2">
              <value>
                <![CDATA[9999.0]]>
              </value>
            </param>
          </params>
          <reporter-output>
          </reporter-output>
        </test-method> <!-- checkOutPageTestCase -->
        <test-method is-config="true" signature="tearDown()[pri:0, instance:com.SwagLabs.testcasespackage.CostVerificationTestCase@2accdbb5]" started-at="2022-07-19T22:48:07 IST" name="tearDown" finished-at="2022-07-19T22:48:08 IST" duration-ms="327" status="PASS">
          <reporter-output>
          </reporter-output>
        </test-method> <!-- tearDown -->
        <test-method is-config="true" signature="setup(java.lang.String)[pri:0, instance:com.SwagLabs.testcasespackage.CostVerificationTestCase@2accdbb5]" started-at="2022-07-19T22:48:08 IST" name="setup" finished-at="2022-07-19T22:48:13 IST" duration-ms="5427" status="PASS">
          <params>
            <param index="0">
              <value>
                <![CDATA[Chrome]]>
              </value>
            </param>
          </params>
          <reporter-output>
          </reporter-output>
        </test-method> <!-- setup -->
        <test-method signature="checkOutPageTestCase(java.lang.String, java.lang.String, java.lang.String)[pri:0, instance:com.SwagLabs.testcasespackage.CostVerificationTestCase@2accdbb5]" started-at="2022-07-19T22:48:13 IST" name="checkOutPageTestCase" data-provider="User_Details" finished-at="2022-07-19T22:48:25 IST" duration-ms="11835" status="PASS">
          <params>
            <param index="0">
              <value>
                <![CDATA[ABC]]>
              </value>
            </param>
            <param index="1">
              <value>
                <![CDATA[XYZ]]>
              </value>
            </param>
            <param index="2">
              <value>
                <![CDATA[8888.0]]>
              </value>
            </param>
          </params>
          <reporter-output>
          </reporter-output>
        </test-method> <!-- checkOutPageTestCase -->
        <test-method is-config="true" signature="tearDown()[pri:0, instance:com.SwagLabs.testcasespackage.CostVerificationTestCase@2accdbb5]" started-at="2022-07-19T22:48:25 IST" name="tearDown" finished-at="2022-07-19T22:48:25 IST" duration-ms="328" status="PASS">
          <reporter-output>
          </reporter-output>
        </test-method> <!-- tearDown -->
        <test-method is-config="true" signature="afterSuite1()[pri:0, instance:com.SwagLabs.testcasespackage.CostVerificationTestCase@2accdbb5]" started-at="2022-07-19T22:48:25 IST" name="afterSuite1" finished-at="2022-07-19T22:48:26 IST" duration-ms="330" status="PASS">
          <reporter-output>
          </reporter-output>
        </test-method> <!-- afterSuite1 -->
      </class> <!-- com.SwagLabs.testcasespackage.CostVerificationTestCase -->
    </test> <!-- Test_All -->
  </suite> <!-- Suite -->
</testng-results>
